<?xml version="1.0" encoding="UTF-8"?>
<testsuite xmlns:xsi="http://www.w3.org/2001/XMLSchema-instance" xsi:noNamespaceSchemaLocation="https://maven.apache.org/surefire/maven-surefire-plugin/xsd/surefire-test-report-3.0.xsd" version="3.0" name="top.pigimag.plif.McPingerTest" time="0.642" tests="6" errors="0" skipped="0" failures="0">
  <properties>
[...]
</properties>
  <testcase name="bedrockPingerCanPingProvidedServer" classname="top.pigimag.plif.McPingerTest" time="0.158"/>
  <testcase name="javaParserParsesJsonResponseCorrectly" classname="top.pigimag.plif.McPingerTest" time="0.018"/>
  <testcase name="javaPingerConstructorRejectsInvalidPort" classname="top.pigimag.plif.McPingerTest" time="0.005"/>
  <testcase name="bedrockPingerConstructorRejectsInvalidPort" classname="top.pigimag.plif.McPingerTest" time="0.001"/>
  <testcase name="javaPingerCanPingProvidedServer" classname="top.pigimag.plif.McPingerTest" time="0.412"/>
  <testcase name="javaPingResponseStoresValuesAndFormatsCorrectly" classname="top.pigimag.plif.McPingerTest" time="0.004"/>
</testsuite>